<?xml version="1.0" encoding="UTF-8"?>
<testsuite xmlns:xsi="http://www.w3.org/2001/XMLSchema-instance" xsi:noNamespaceSchemaLocation="https://maven.apache.org/surefire/maven-surefire-plugin/xsd/surefire-test-report.xsd" version="3.0.2" name="com.example.demo.ThymeleafLayoutDemo1ApplicationTests" time="2.307" tests="1" errors="0" skipped="0" failures="0">
  <properties>
[...]
</properties>
  <testcase name="contextLoads" classname="com.example.demo.ThymeleafLayoutDemo1ApplicationTests" time="0.677">
    <system-out><![CDATA[12:19:04.233 [main] INFO org.springframework.test.context.support.AnnotationConfigContextLoaderUtils -- Could not detect default configuration classes for test class [com.example.demo.ThymeleafLayoutDemo1ApplicationTests]: ThymeleafLayoutDemo1ApplicationTests does not declare any static, non-private, non-final, nested classes annotated with @Configuration.
12:19:04.322 [main] INFO org.springframework.boot.test.context.SpringBootTestContextBootstrapper -- Found @SpringBootConfiguration com.example.demo.ThymeleafLayoutDemo1Application for test class com.example.demo.ThymeleafLayoutDemo1ApplicationTests

  .   ____          _            __ _ _
 /\\ / ___'_ __ _ _(_)_ __  __ _ \ \ \ \
( ( )\___ | '_ | '_| | '_ \/ _` | \ \ \ \
 \\/  ___)| |_)| | | | | || (_| |  ) ) ) )
  '  |____| .__|_| |_|_| |_\__, | / / / /
 =========|_|==============|___/=/_/_/_/

 :: Spring Boot ::                (v4.0.2)

2026-02-12T12:19:04.692+05:30  INFO 32520 --- [thymeleaf-layout-demo1] [           main] e.d.ThymeleafLayoutDemo1ApplicationTests : Starting ThymeleafLayoutDemo1ApplicationTests using Java 21.0.9 with PID 32520 (started by LENOVO in C:\Personal\Revature Cognizant\Week 9\Demos\thymeleaf-layout-demo1)
2026-02-12T12:19:04.694+05:30  INFO 32520 --- [thymeleaf-layout-demo1] [           main] e.d.ThymeleafLayoutDemo1ApplicationTests : No active profile set, falling back to 1 default profile: "default"
2026-02-12T12:19:05.661+05:30  INFO 32520 --- [thymeleaf-layout-demo1] [           main] e.d.ThymeleafLayoutDemo1ApplicationTests : Started ThymeleafLayoutDemo1ApplicationTests in 1.201 seconds (process running for 2.289)
]]></system-out>
    <system-err><![CDATA[Mockito is currently self-attaching to enable the inline-mock-maker. This will no longer work in future releases of the JDK. Please add Mockito as an agent to your build as described in Mockito's documentation: https://javadoc.io/doc/org.mockito/mockito-core/latest/org.mockito/org/mockito/Mockito.html#0.3
WARNING: A Java agent has been loaded dynamically (C:\Users\LENOVO\.m2\repository\net\bytebuddy\byte-buddy-agent\1.17.8\byte-buddy-agent-1.17.8.jar)
WARNING: If a serviceability tool is in use, please run with -XX:+EnableDynamicAgentLoading to hide this warning
WARNING: If a serviceability tool is not in use, please run with -Djdk.instrument.traceUsage for more information
WARNING: Dynamic loading of agents will be disallowed by default in a future release
]]></system-err>
  </testcase>
</testsuite>